; 
! CAMCAD                        
! Router Solutions Incorporated 
! For questions please E-mail tech@rsi-inc.com
;
; ALLEGRO.OUT
;
; use skill scripts.
.USE_SKILL	n
;
; Allegro can only assign one unique shape to a device. TRUE_DEVICE no
; will only convert shapes (geometries) but not the CAMCAD Typelist.
.TRUE_DEVICE    n
;
; In degrees, which an arc/circle gets converted to polylines.
.ARCSTEPANGLE	5
; 
;
;Adds -nographic to the autopad & autosym scripts (y or n)
.BATCHMODE_NOGRAPHIC   n
;
; Default is Version 12.
;.ALLEGRO_VERSION	13
.ALLEGRO_VERSION	13.6
;
; DRC on /off for Board script.
.ALLEGRO_DRC 	off
;
;Layers to turn off:
;
;.LAYERDEFAULT   DECAL_0         SILKSCREEN_TOP
;.LAYERDEFAULT   DECAL_MIRROR_0  SILKSCREEN_BOTTOM
;.LAYERDEFAULT   DECAL_26        SILKSCREEN_TOP
;.LAYERDEFAULT   DECAL_29        SILKSCREEN_BOTTOM
;.LAYERDEFAULT   DECAL_27        ASSEMBLY_TOP
;.LAYERDEFAULT   DECAL_30        ASSEMBLY_BOTTOM
;.LAYERDEFAULT   27              ASSEMBLY_TOP
;.LAYERDEFAULT   30              ASSEMBLY_BOTTOM
;.LAYERDEFAULT   PAD_21          SOLDERMASK_TOP
;.LAYERDEFAULT   PAD_28          SOLDERMASK_BOTTOM
;.LAYERDEFAULT   21              SOLDERMASK_TOP
;.LAYERDEFAULT   28              SOLDERMASK_BOTTOM
;.LAYERDEFAULT   BOARD           OUTLINE
;.LAYERDEFAULT   0               OUTLINE
;.LAYERDEFAULT   24              DRILL
;.LAYERDEFAULT   PAD_24          DRILL2
;.LAYERDEFAULT   22              PASTEMASK_TOP
;.LAYERDEFAULT   23              PASTEMASK_BOTTOM
;.LAYERDEFAULT   PAD_22          PASTEMASK_TOP
;.LAYERDEFAULT   PAD_23          PASTEMASK_BOTTOM
;
; This map a layername to class dependend layers. The layer is the
; alligned ALLEGRO layer from the layer mapping dialog.
;
; .Layermap     allegroname     classtpye    class,layer
;                               (no blanks)
;                               BOARD_GEOMETRY
;                               PACKAGE_GEOMETRY
;                               ETCH
;                               DRAWING_FORMAT
;                               MANUFACTURING
;                               COMPONENT_VALUE
;                               DEVICE_TYPE
;                               REF_DES
;                               TOLERANCE
;                               USER_PART_NUMBER
;                               PACKAGE_KEEPIN
;                               PACKAGE_KEEPOUT
;                               ROUTE_KEEPIN
;                               ROUTE_KEEPOUT
;                               VIA_KEEPOUT
;                               ANTI_ETCH
;                               PIN
;                               VIA_CLASS
;
.LAYERMAP   PADTOP		PACKAGE_GEOMETRY	ETCH,TOP
.LAYERMAP   PADBOT		PACKAGE_GEOMETRY	ETCH,BOTTOM
;
.LAYERMAP   TOP			ETCH			TOP
.LAYERMAP   SIGNAL_3		ETCH			SIGNAL_3
.LAYERMAP   SIGNAL_4		ETCH			SIGNAL_4
.LAYERMAP   SIGNAL_5		ETCH			SIGNAL_5
.LAYERMAP   SIGNAL_6		ETCH			SIGNAL_6
.LAYERMAP   INT1		ETCH			INT1
.LAYERMAP   INT2		ETCH			INT2
.LAYERMAP   INT3		ETCH			INT3
.LAYERMAP   INT4		ETCH			INT4
.LAYERMAP   INT5		ETCH			INT5
.LAYERMAP   INT6		ETCH			INT6
.LAYERMAP   INT7		ETCH			INT7
.LAYERMAP   INT8		ETCH			INT8
.LAYERMAP   INT9		ETCH			INT9
.LAYERMAP   INT10		ETCH			INT10
.LAYERMAP   INT11		ETCH			INT11
.LAYERMAP   INT12		ETCH			INT12
.LAYERMAP   INT13		ETCH			INT13
.LAYERMAP   INT14		ETCH			INT14
.LAYERMAP   INT15		ETCH			INT15
.LAYERMAP   INT16		ETCH			INT16
.LAYERMAP   INT17		ETCH			INT17
.LAYERMAP   INT18		ETCH			INT18
.LAYERMAP   INT19		ETCH			INT19
.LAYERMAP   INT20		ETCH			INT20
.LAYERMAP   INT21		ETCH			INT21
.LAYERMAP   BOTTOM		ETCH			BOTTOM
;
.LAYERMAP   POWER_1		ETCH			SPLIT_POWER
.LAYERMAP   POWER_2		ETCH			SPLIT_POWER
.LAYERMAP   POWER_3		ETCH			SPLIT_POWER
.LAYERMAP   POWER_4		ETCH			GND
.LAYERMAP   POWER_6		ETCH			VCC
;
.LAYERMAP   TOP			BOARD_GEOMETRY		ETCH,TOP
.LAYERMAP   PADTOP		BOARD_GEOMETRY		ETCH,TOP
.LAYERMAP   PIN,TOP		BOARD_GEOMETRY		PIN,TOP
.LAYERMAP   SIGNAL_3		BOARD_GEOMETRY		ETCH,SIGNAL_3
.LAYERMAP   SIGNAL_4		BOARD_GEOMETRY		ETCH,SIGNAL_4
.LAYERMAP   INT1		BOARD_GEOMETRY		INT1
.LAYERMAP   INT3		BOARD_GEOMETRY		INT3
.LAYERMAP   INT4		BOARD_GEOMETRY		INT4
.LAYERMAP   INT2		BOARD_GEOMETRY		INT2
.LAYERMAP   INT5		BOARD_GEOMETRY		INT5
.LAYERMAP   INT6		BOARD_GEOMETRY		INT6
.LAYERMAP   INT7		BOARD_GEOMETRY		INT7
.LAYERMAP   INT8		BOARD_GEOMETRY		INT8
.LAYERMAP   INT9		BOARD_GEOMETRY		INT9
.LAYERMAP   INT10		BOARD_GEOMETRY		INT10
.LAYERMAP   INT11		BOARD_GEOMETRY		INT11
.LAYERMAP   INT12		BOARD_GEOMETRY		INT12
.LAYERMAP   INT13		BOARD_GEOMETRY		INT13
.LAYERMAP   INT14		BOARD_GEOMETRY		INT14
.LAYERMAP   INT15		BOARD_GEOMETRY		INT15
.LAYERMAP   INT16		BOARD_GEOMETRY		INT16
.LAYERMAP   INT17		BOARD_GEOMETRY		INT17
.LAYERMAP   INT20		BOARD_GEOMETRY		INT20
.LAYERMAP   INT21		BOARD_GEOMETRY		INT21
.LAYERMAP   SIGNAL_5		BOARD_GEOMETRY		ETCH,SIGNAL_5
.LAYERMAP   SIGNAL_6		BOARD_GEOMETRY		ETCH,SIGNAL_6
.LAYERMAP   PIN,BOTTOM		BOARD_GEOMETRY		PIN,BOTTOM
.LAYERMAP   PADBOT		BOARD_GEOMETRY		PADBOT	
.LAYERMAP   BOTTOM		BOARD_GEOMETRY		ETCH,BOTTOM
.LAYERMAP   PLANE1		BOARD_GEOMETRY		PLANE1
.LAYERMAP   PLANE2		BOARD_GEOMETRY		PLANE2
;
.LAYERMAP   POWER		BOARD_GEOMETRY		ETCH,POWER
.LAYERMAP   POWER_1		BOARD_GEOMETRY		ETCH,SPLIT_POWER
.LAYERMAP   POWER_2		BOARD_GEOMETRY		ETCH,SPLIT_POWER
.LAYERMAP   POWER_3		BOARD_GEOMETRY		ETCH,SPLIT_POWER
.LAYERMAP   POWER_4		BOARD_GEOMETRY		ETCH,GND
.LAYERMAP   POWER_6		BOARD_GEOMETRY		ETCH,VCC
.LAYERMAP   DRILL		BOARD_GEOMETRY		DRILL
;
.LAYERMAP   TXTTYP1		BOARD_GEOMETRY		TXTTYP1
.LAYERMAP   TXTTYP12		BOARD_GEOMETRY		TXTTYP12
.LAYERMAP   TXTTYP13		BOARD_GEOMETRY		TXTTYP13
.LAYERMAP   TXTTYP14		BOARD_GEOMETRY		TXTTYP14
.LAYERMAP   TXTTYP15		BOARD_GEOMETRY		TXTTYP15
.LAYERMAP   TXTTYP16		BOARD_GEOMETRY		TXTTYP16
.LAYERMAP   TXTTYP17		BOARD_GEOMETRY		TXTTYP17
.LAYERMAP   TXTTYP50		BOARD_GEOMETRY		TXTTYP50
.LAYERMAP   ARTFORM		BOARD_GEOMETRY		ARTFORM
.LAYERMAP   PASTE		BOARD_GEOMETRY		PASTE
.LAYERMAP   PLANE		BOARD_GEOMETRY		PLANE
.LAYERMAP   SIGNAL		BOARD_GEOMETRY		SIGNAL
.LAYERMAP   SILK		BOARD_GEOMETRY		SILK
;
.LAYERMAP   LVL_1		BOARD_GEOMETRY		LVL_1
.LAYERMAP   LVL_2		BOARD_GEOMETRY		LVL_2
.LAYERMAP   LVL_3		BOARD_GEOMETRY		LVL_3
.LAYERMAP   LVL_4		BOARD_GEOMETRY		LVL_4
.LAYERMAP   LVL_5		BOARD_GEOMETRY		LVL_5
.LAYERMAP   LVL_6		BOARD_GEOMETRY		LVL_6
.LAYERMAP   LVL_7		BOARD_GEOMETRY		LVL_7
.LAYERMAP   LVL_8		BOARD_GEOMETRY		LVL_8
.LAYERMAP   LVL_9		BOARD_GEOMETRY		LVL_9
.LAYERMAP   LVL_10		BOARD_GEOMETRY		LVL_10
.LAYERMAP   LVL_11		BOARD_GEOMETRY		LVL_11
.LAYERMAP   LVL_12		BOARD_GEOMETRY		LVL_12
.LAYERMAP   LVL_13		BOARD_GEOMETRY		LVL_13
.LAYERMAP   LVL_14		BOARD_GEOMETRY		LVL_14
.LAYERMAP   LVL_15		BOARD_GEOMETRY		LVL_15
.LAYERMAP   LVL_16		BOARD_GEOMETRY		LVL_16
.LAYERMAP   LVL_17		BOARD_GEOMETRY		LVL_17
.LAYERMAP   LVL_18		BOARD_GEOMETRY		LVL_18
.LAYERMAP   LVL_19		BOARD_GEOMETRY		LVL_19
.LAYERMAP   LVL_20		BOARD_GEOMETRY		LVL_20
.LAYERMAP   LVL_21		BOARD_GEOMETRY		LVL_21
.LAYERMAP   LVL_22		BOARD_GEOMETRY		LVL_22
.LAYERMAP   LVL_23		BOARD_GEOMETRY		LVL_23
;
.LAYERMAP   33			BOARD_GEOMETRY		33
.LAYERMAP   34			BOARD_GEOMETRY		34
;
.LAYERMAP   BOARD_OUTLINE	BOARD_GEOMETRY		OUTLINE
.LAYERMAP   BRDOUT		BOARD_GEOMETRY		OUTLINE
.LAYERMAP   NCDRILL_LEGEND	BOARD_GEOMETRY		MANUFACTURING,NCDRILL_LEGEND
.LAYERMAP   NCDRILL_FIGURE	BOARD_GEOMETRY		MANUFACTURING,NCDRILL_FIGURE
.LAYERMAP   OUTLINE		BOARD_GEOMETRY		OUTLINE
.LAYERMAP   PAD			BOARD_GEOMETRY		ETCH,TOP
.LAYERMAP   SILKSCREEN_TOP	BOARD_GEOMETRY		SILKSCREEN_TOP
.LAYERMAP   SILKTP		BOARD_GEOMETRY		SILKSCREEN_TOP
.LAYERMAP   SILKSCREEN_BOTTOM	BOARD_GEOMETRY		SILKSCREEN_BOTTOM
.LAYERMAP   ASSYBT		BOARD_GEOMETRY		SILKSCREEN_BOTTOM
.LAYERMAP   ASSEMBLY_DETAIL	BOARD_GEOMETRY		ASSEMBLY_DETAIL
.LAYERMAP   PASTEMASK_TOP	BOARD_GEOMETRY		PASTEMASK_TOP
.LAYERMAP   PASTEMASK_BOTTOM	BOARD_GEOMETRY		PASTEMASK_BOTTOM
.LAYERMAP   SOLDERMASK_TOP	BOARD_GEOMETRY		SOLDERMASK_TOP
.LAYERMAP   SOLDERMASK_BOTTOM	BOARD_GEOMETRY		SOLDERMASK_BOTTOM
.LAYERMAP   SOLDERPASTE_TOP	BOARD_GEOMETRY		SOLDERPASTE_TOP
.LAYERMAP   SOLDERPASTE_BOTTOM	BOARD_GEOMETRY		SOLDERPASTE_BOTTOM
.LAYERMAP   BOARD		BOARD_GEOMETRY		ASSEMBLY_TOP
.LAYERMAP   ASSEMBLY_TOP	BOARD_GEOMETRY		ASSEMBLY_TOP
.LAYERMAP   ASSEMBLY_BOTTOM	BOARD_GEOMETRY		ASSEMBLY_BOTTOM
.LAYERMAP   BOARD		BOARD_GEOMETRY		ASSEMBLY_BOTTOM
.LAYERMAP   DISPLAY_TOP		BOARD_GEOMETRY		DISPLAY_TOP
.LAYERMAP   DISPLAY_BOTTOM	BOARD_GEOMETRY		DISPLAY_BOTTOM
.LAYERMAP   BOARD		BOARD_GEOMETRY		OUTLINE
.LAYERMAP   TITLE_BLOCK		BOARD_GEOMETRY		TITLE_BLOCK
.LAYERMAP   TITLE_DATA		BOARD_GEOMETRY		TITLE_DATA
.LAYERMAP   AUTOSILK_TOP	BOARD_GEOMETRY		AUTOSILK_TOP
.LAYERMAP   SCRSLK		BOARD_GEOMETRY		AUTOSILK_TOP
.LAYERMAP   BOUNDARY		BOARD_GEOMETRY		SILKSCREEN_TOP
.LAYERMAP   TITLE		BOARD_GEOMETRY		OUTLINE
.LAYERMAP   TEXT		BOARD_GEOMETRY		ASSEMBLY_NOTES
.LAYERMAP   ASSEMBLY_NOTES	BOARD_GEOMETRY		ASSEMBLY_NOTES
.LAYERMAP   EXTENTS		BOARD_GEOMETRY		CONSTRAINT_AREA
.LAYERMAP   FAB1		BOARD_GEOMETRY		FAB1
.LAYERMAP   FAB2		BOARD_GEOMETRY		FAB2
.LAYERMAP   FAB3		BOARD_GEOMETRY		FAB3
.LAYERMAP   FAB4		BOARD_GEOMETRY		FAB4
.LAYERMAP   FAB5		BOARD_GEOMETRY		FAB5
;.LAYERMAP   "TOP MASK"		BOARD_GEOMETRY		SOLDERMASK_TOP
;.LAYERMAP   "BOT MASK"		BOARD_GEOMETRY		SOLDERMASK_BOTTOM
;.LAYERMAP   "TOP SILK"		BOARD_GEOMETRY		SILKSCREEN_TOP
;.LAYERMAP   "BOT SILK"		BOARD_GEOMETRY		SILKSCREEN_BOTTOM
;.LAYERMAP   "TOP PASTE"		BOARD_GEOMETRY		PASTEMASK_TOP
;.LAYERMAP   "BOT PASTE"		BOARD_GEOMETRY		PASTEMASK_BOTTOM
;.LAYERMAP   "TOP ASSY"		BOARD_GEOMETRY		ASSEMBLY_DETAIL
;.LAYERMAP   "BOT ASSY"		BOARD_GEOMETRY		ASSEMBLY_DETAIL
.LAYERMAP   VIA_KEEPOUT		BOARD_GEOMETRY		VIA_KEEPOUT,ALL
.LAYERMAP   ROUTE_KEEPOUT	BOARD_GEOMETRY		ROUTE_KEEPOUT
.LAYERMAP   GLUEMASK_TOP	BOARD_GEOMETRY		GLUEMASK_TOP
.LAYERMAP   GLUEMASK_BOTTOM	BOARD_GEOMETRY		GLUEMASK_BOTTOM
.LAYERMAP   DRAWING_TOP		BOARD_GEOMETRY		DRAWING_TOP
.LAYERMAP   BREAKOUT		BOARD_GEOMETRY		BREAKOUT
.LAYERMAP   BREAKOUT_2		BOARD_GEOMETRY		BREAKOUT_2
.LAYERMAP   BREAKOUT_1		BOARD_GEOMETRY		BREAKOUT_1
.LAYERMAP   BOARD_PLACEMENT_REGION	BOARD_GEOMETRY		PLACE_BOUND_TOP
.LAYERMAP   BOARD		BOARD_GEOMETRY		PLACE_BOUND_TOP
.LAYERMAP   PLACE_BOUND_TOP	BOARD_GEOMETRY		PLACE_BOUND_TOP
.LAYERMAP   ART_MASTER		BOARD_GEOMETRY		ART_MASTER
;
.LAYERMAP   ALL			BOARD_GEOMETRY		ALL
;
.LAYERMAP   PLACEMENT_OUTLINE	BOARD_GEOMETRY		PLACEMENT_OUTLINE
;
.LAYERMAP   TOP			PACKAGE_GEOMETRY	ETCH,TOP
.LAYERMAP   SIGNAL_3		PACKAGE_GEOMETRY	ETCH,SIGNAL_3
.LAYERMAP   SIGNAL_4		PACKAGE_GEOMETRY	ETCH,SIGNAL_4
.LAYERMAP   SIGNAL_5		PACKAGE_GEOMETRY	ETCH,SIGNAL_5
.LAYERMAP   SIGNAL_6		PACKAGE_GEOMETRY	ETCH,SIGNAL_6
.LAYERMAP   BOTTOM		PACKAGE_GEOMETRY	ETCH,BOTTOM
;
.LAYERMAP   POWER		PACKAGE_GEOMETRY	ETCH,POWER
.LAYERMAP   POWER_1		PACKAGE_GEOMETRY	ETCH,SPLIT_POWER
.LAYERMAP   POWER_2		PACKAGE_GEOMETRY	ETCH,SPLIT_POWER
.LAYERMAP   POWER_3		PACKAGE_GEOMETRY	ETCH,SPLIT_POWER
.LAYERMAP   POWER_4		PACKAGE_GEOMETRY	ETCH,GND
.LAYERMAP   POWER_6		PACKAGE_GEOMETRY	ETCH,VCC
;
.LAYERMAP   ALL			PACKAGE_GEOMETRY	ALL
.LAYERMAP   DRILL		PACKAGE_GEOMETRY	DRILL
.LAYERMAP   TOP			PACKAGE_GEOMETRY	ETCH,TOP
.LAYERMAP   PAD			PACKAGE_GEOMETRY	ETCH,TOP
.LAYERMAP   BOTTOM		PACKAGE_GEOMETRY	ETCH,BOTTOM
.LAYERMAP   TOP_PLACEMENT	PACKAGE_GEOMETRY	ASSYEMBLY_DETAIL
.LAYERMAP   TOP_SILK		PACKAGE_GEOMETRY	SILKSCREEN_TOP
.LAYERMAP   TOP_ASSEMBLY	PACKAGE_GEOMETRY	ASSYEMBLY_DETAIL
.LAYERMAP   PLACE_BOUND_TOP	PACKAGE_GEOMETRY	PLACE_BOUND_TOP
.LAYERMAP   COMPONENT_PLACEMENT_OUTLINE	PACKAGE_GEOMETRY	PLACE_BOUND_TOP
.LAYERMAP   COMPONENT_PLACEMENT_OUTLINE_1	PACKAGE_GEOMETRY	PLACE_BOUND_TOP
.LAYERMAP   PLACE_BOUND_BOTTOM	PACKAGE_GEOMETRY	PLACE_BOUND_BOTTOM
.LAYERMAP   TITLE_BLOCK		PACKAGE_GEOMETRY	TITLE_BLOCK
.LAYERMAP   REF_DES		PACKAGE_GEOMETRY	REF_DES,ASSEMBLY_TOP
.LAYERMAP   OUTLINE		PACKAGE_GEOMETRY	OUTLINE
.LAYERMAP   NCDRILL_LEGEND	PACKAGE_GEOMETRY	NCDRILL_LEGEND
.LAYERMAP   PCB_TEMPERATURE	PACKAGE_GEOMETRY	PCB_TEMPERATURE	
.LAYERMAP   SWITCH_AREA_TOP	PACKAGE_GEOMETRY	SWITCH_AREA_TOP	
.LAYERMAP   INT1		PACKAGE_GEOMETRY	INT1
.LAYERMAP   INT2		PACKAGE_GEOMETRY	INT2
.LAYERMAP   INT3		PACKAGE_GEOMETRY	INT3
.LAYERMAP   INT4		PACKAGE_GEOMETRY	INT4
.LAYERMAP   INT5		PACKAGE_GEOMETRY	INT5
.LAYERMAP   INT6		PACKAGE_GEOMETRY	INT6
.LAYERMAP   INT7		PACKAGE_GEOMETRY	INT7
.LAYERMAP   INT8		PACKAGE_GEOMETRY	INT8
.LAYERMAP   INT9		PACKAGE_GEOMETRY	INT9
.LAYERMAP   INT10		PACKAGE_GEOMETRY	INT10
.LAYERMAP   INT11		PACKAGE_GEOMETRY	INT11
.LAYERMAP   INT12		PACKAGE_GEOMETRY	INT12
.LAYERMAP   INT13		PACKAGE_GEOMETRY	INT13
.LAYERMAP   INT14		PACKAGE_GEOMETRY	INT14
.LAYERMAP   INT17		PACKAGE_GEOMETRY	INT17
.LAYERMAP   INT20		PACKAGE_GEOMETRY	INT20
.LAYERMAP   INT21		PACKAGE_GEOMETRY	INT21
.LAYERMAP   PLANE3		PACKAGE_GEOMETRY	PLANE3
.LAYERMAP   PLANE4		PACKAGE_GEOMETRY	PLANE4	
.LAYERMAP   LVL_8		PACKAGE_GEOMETRY	LVL_8	
.LAYERMAP   SILKSCREEN_TOP	PACKAGE_GEOMETRY	SILKSCREEN_TOP
.LAYERMAP   SILKSCREEN_BOTTOM	PACKAGE_GEOMETRY	SILKSCREEN_BOTTOM
.LAYERMAP   SILKSCREEN_1	PACKAGE_GEOMETRY	SILKSCREEN_TOP
.LAYERMAP   SILKTP		PACKAGE_GEOMETRY	SILKSCREEN_TOP
.LAYERMAP   ASSEMBLY_DETAIL	PACKAGE_GEOMETRY	ASSEMBLY_DETAIL
.LAYERMAP   SOLDERMASK_TOP	PACKAGE_GEOMETRY	SOLDERMASK_TOP
.LAYERMAP   SOLDER_MASK		PACKAGE_GEOMETRY	SOLDERMASK_TOP
.LAYERMAP   SOLDER_MASK_1	PACKAGE_GEOMETRY	SOLDERMASK_TOP
.LAYERMAP   SOLDERMASK_BOTTOM	PACKAGE_GEOMETRY	SOLDERMASK_BOTTOM
.LAYERMAP   SOLDER_MASK_2	PACKAGE_GEOMETRY	SOLDERMASK_BOTTOM
.LAYERMAP   PASTEMASK_TOP	PACKAGE_GEOMETRY	PASTEMASK_TOP
.LAYERMAP   PASTEMASK_BOTTOM	PACKAGE_GEOMETRY	PASTEMASK_BOTTOM
.LAYERMAP   SOLDERPASTE_BOTTOM	PACKAGE_GEOMETRY	SOLDERPASTE_BOTTOM
.LAYERMAP   SOLDERPASTE_TOP	PACKAGE_GEOMETRY	SOLDERPASTE_TOP
.LAYERMAP   ASSEMBLY_TOP	PACKAGE_GEOMETRY	ASSEMBLY_TOP
.LAYERMAP   ASSEMBLY_BOTTOM	PACKAGE_GEOMETRY	ASSEMBLY_BOTTOM
.LAYERMAP   BONDARY		PACKAGE_GEOMETRY	SILKSCREEN_TOP
.LAYERMAP   ASSEMBLY_NOTES	PACKAGE_GEOMETRY	ASSEMBLY_NOTES
.LAYERMAP   FAB1		PACKAGE_GEOMETRY	FAB1
.LAYERMAP   FAB2		PACKAGE_GEOMETRY	FAB2
.LAYERMAP   FAB3		PACKAGE_GEOMETRY	FAB3
.LAYERMAP   FAB4		PACKAGE_GEOMETRY	FAB4
.LAYERMAP   FAB5		PACKAGE_GEOMETRY	FAB5
.LAYERMAP   LVL_1		PACKAGE_GEOMETRY	LVL_1
.LAYERMAP   LVL_2		PACKAGE_GEOMETRY	LVL_2
.LAYERMAP   LVL_17		PACKAGE_GEOMETRY	LVL_17
.LAYERMAP   LVL_20		PACKAGE_GEOMETRY	LVL_20
;.LAYERMAP   "TOP SILK"		PACKAGE_GEOMETRY	SILKSCREEN_TOP
;.LAYERMAP   "TOP ASSY"		PACKAGE_GEOMETRY	ASSEMBLY_DETAIL
.LAYERMAP   SLKSCR		PACKAGE_GEOMETRY	DISPLAY_TOP
.LAYERMAP   DISPLAY_TOP		PACKAGE_GEOMETRY	DISPLAY_TOP
.LAYERMAP   DETAIL		PACKAGE_GEOMETRY	DISPLAY_TOP
.LAYERMAP   VIA_KEEPOUT		PACKAGE_GEOMETRY	VIA_KEEPOUT,ALL
.LAYERMAP   ROUTING_KEEPOUT	PACKAGE_GEOMETRY	ROUTE_KEEPOUT
;.LAYERMAP   KEEP OUT LAYER	PACKAGE_GEOMETRY	ROUTE_KEEPOUT
.LAYERMAP   GLUEMASK_TOP	PACKAGE_GEOMETRY	GLUEMASK_TOP
.LAYERMAP   GLUEMASK_BOTTOM	PACKAGE_GEOMETRY	GLUEMASK_BOTTOM
.LAYERMAP   DRAWING_TOP		PACKAGE_GEOMETRY	DRAWING_TOP
.LAYERMAP   ROUTE_KEEPOUT	PACKAGE_GEOMETRY	ROUTE_KEEPOUT
.LAYERMAP   FOOT_INFO		PACKAGE_GEOMETRY	FOOT_INFO
.LAYERMAP   ART_MASTER		PACKAGE_GEOMETRY	ART_MASTER
.LAYERMAP   BREAKOUT		PACKAGE_GEOMETRY	BREAKOUT
.LAYERMAP   BREAKOUT_1		PACKAGE_GEOMETRY	BREAKOUT_1
.LAYERMAP   BREAKOUT_2		PACKAGE_GEOMETRY	BREAKOUT_2
.LAYERMAP   BOARD_OUTLINE	PACKAGE_GEOMETRY	BOARD_OUTLINE
.LAYERMAP   OUTLINE_TOP		PACKAGE_GEOMETRY	OUTLINE_TOP
.LAYERMAP   OUTLINE_BOTTOM	PACKAGE_GEOMETRY	OUTLINE_BOTTOM
;
.LAYERMAP   PLACEMENT_OUTLINE	PACKAGE_GEOMETRY	PLACEMENT_OUTLINE
;
.LAYERMAP   TOP			DRAWING_FORMAT		TOP
.LAYERMAP   BOTTOM		DRAWING_FORMAT		BOTTOM
.LAYERMAP   SILKSCREEN_TOP	DRAWING_FORMAT		SILKSCREEN_TOP
.LAYERMAP   MECHTP		DRAWING_FORMAT		SILKSCREEN_TOP
.LAYERMAP   SILKSCREEN_BOTTOM	DRAWING_FORMAT		SILKSCREEN_BOTTOM
.LAYERMAP   ASSYBT		DRAWING_FORMAT		SILKSCREEN_BOTTOM
.LAYERMAP   SOLDERPASTE_TOP	DRAWING_FORMAT		SOLDERPASTE_TOP
.LAYERMAP   SOLDERPASTE_BOTTOM	DRAWING_FORMAT		SOLDERPASTE_BOTTOM
.LAYERMAP   SOLDERMASK_TOP	DRAWING_FORMAT		SOLDERMASK_TOP
.LAYERMAP   SOLDERMASK_BOTTOM	DRAWING_FORMAT		SOLDERMASK_BOTTOM
.LAYERMAP   ASSEMBLY_DETAIL	DRAWING_FORMAT		ASSYEMBLY_DETAIL
.LAYERMAP   ASSEMBLY_NOTES	DRAWING_FORMAT		ASSYEMBLY_NOTES
.LAYERMAP   DRILL		DRAWING_FORMAT		DRILL
.LAYERMAP   0			DRAWING_FORMAT		NCDRILL_LEGEND
.LAYERMAP   GL251		DRAWING_FORMAT		DRILL
.LAYERMAP   TEXT		DRAWING_FORMAT		TITLE_DATA
.LAYERMAP   NCDRILL_LEGEND	DRAWING_FORMAT		NCDRILL_LEGEND
.LAYERMAP   TITLE		DRAWING_FORMAT		TITLE_BLOCK
.LAYERMAP   TITLE_BLOCK		DRAWING_FORMAT		TITLE_BLOCK
.LAYERMAP   ASSEMBLY_TOP	DRAWING_FORMAT		ASSEMBLY_TOP
.LAYERMAP   ASSEMBLY_BOTTOM	DRAWING_FORMAT		ASSEMBLY_BOTTOM
.LAYERMAP   FAB1		DRAWING_FORMAT		FAB1
.LAYERMAP   FAB2		DRAWING_FORMAT		FAB2
.LAYERMAP   FAB3		DRAWING_FORMAT		FAB3
.LAYERMAP   FAB4		DRAWING_FORMAT		FAB4
.LAYERMAP   FAB5		DRAWING_FORMAT		FAB5
.LAYERMAP   INT2		DRAWING_FORMAT		INT2
.LAYERMAP   INT3		DRAWING_FORMAT		INT3
.LAYERMAP   INT4		DRAWING_FORMAT		INT4
.LAYERMAP   INT5		DRAWING_FORMAT		INT5
.LAYERMAP   INT6		DRAWING_FORMAT		INT6
.LAYERMAP   INT7		DRAWING_FORMAT		INT7
.LAYERMAP   INT8		DRAWING_FORMAT		INT8
.LAYERMAP   INT9		DRAWING_FORMAT		INT9
.LAYERMAP   INT10		DRAWING_FORMAT		INT10
.LAYERMAP   INT11		DRAWING_FORMAT		INT11
.LAYERMAP   INT12		DRAWING_FORMAT		INT12
;
.LAYERMAP   LVL_1		DRAWING_FORMAT		LVL_1
.LAYERMAP   LVL_2		DRAWING_FORMAT		LVL_2
.LAYERMAP   LVL_3		DRAWING_FORMAT		LVL_3
.LAYERMAP   LVL_4		DRAWING_FORMAT		LVL_4
.LAYERMAP   LVL_5		DRAWING_FORMAT		LVL_5
.LAYERMAP   LVL_6		DRAWING_FORMAT		LVL_6
.LAYERMAP   LVL_7		DRAWING_FORMAT		LVL_7
.LAYERMAP   LVL_8		DRAWING_FORMAT		LVL_8
.LAYERMAP   LVL_9		DRAWING_FORMAT		LVL_9
.LAYERMAP   LVL_10		DRAWING_FORMAT		LVL_10
.LAYERMAP   LVL_11		DRAWING_FORMAT		LVL_11
.LAYERMAP   LVL_12		DRAWING_FORMAT		LVL_12
.LAYERMAP   LVL_13		DRAWING_FORMAT		LVL_13
.LAYERMAP   LVL_14		DRAWING_FORMAT		LVL_14
.LAYERMAP   LVL_15		DRAWING_FORMAT		LVL_15
.LAYERMAP   LVL_16		DRAWING_FORMAT		LVL_16
.LAYERMAP   LVL_17		DRAWING_FORMAT		LVL_17
.LAYERMAP   LVL_18		DRAWING_FORMAT		LVL_18
.LAYERMAP   LVL_19		DRAWING_FORMAT		LVL_19
.LAYERMAP   LVL_20		DRAWING_FORMAT		LVL_20
.LAYERMAP   LVL_21		DRAWING_FORMAT		LVL_21
.LAYERMAP   LVL_22		DRAWING_FORMAT		LVL_22
.LAYERMAP   LVL_23		DRAWING_FORMAT		LVL_13
.LAYERMAP   LVL_24		DRAWING_FORMAT		LVL_24
;
.LAYERMAP   ALL			ROUTE_KEEPOUT		ALL
.LAYERMAP   PAD			ROUTE_KEEPOUT		ETCH_TOP
.LAYERMAP   TOP			ROUTE_KEEPOUT		TOP
.LAYERMAP   SIGNAL_3		ROUTE_KEEPOUT		SIGNAL_3
.LAYERMAP   SIGNAL_4		ROUTE_KEEPOUT		SIGNAL_4
.LAYERMAP   SIGNAL_5		ROUTE_KEEPOUT		SIGNAL_5
.LAYERMAP   SIGNAL_6		ROUTE_KEEPOUT		SIGNAL_6
.LAYERMAP   INT2		ROUTE_KEEPOUT		INT2
.LAYERMAP   INT3		ROUTE_KEEPOUT		INT3
.LAYERMAP   INT4		ROUTE_KEEPOUT		INT4
.LAYERMAP   INT5		ROUTE_KEEPOUT		INT5
.LAYERMAP   BOTTOM		ROUTE_KEEPOUT		BOTTOM
.LAYERMAP   ROUTING_KEEPOUT	ROUTE_KEEPOUT		ALL
.LAYERMAP   LVL_10		ROUTE_KEEPOUT		LVL_10
.LAYERMAP   LVL_9		ROUTE_KEEPOUT		LVL_9
.LAYERMAP   LVL_18		ROUTE_KEEPOUT		LVL_18
.LAYERMAP   LVL_19		ROUTE_KEEPOUT		LVL_19
;
.LAYERMAP   PACKAGE_KEEPOUT	PACKAGE_KEEPOUT		ALL
.LAYERMAP   TOP			PACKAGE_KEEPOUT		TOP
.LAYERMAP   BOTTOM		PACKAGE_KEEPOUT		BOTTOM
.LAYERMAP   FAB4		PACKAGE_KEEPOUT		FAB4
.LAYERMAP   PLACE_BOUND_TOP	PACKAGE_KEEPOUT		PLACE_BOUND_TOP
.LAYERMAP   PLACE_BOUND_BOTTOM	PACKAGE_KEEPOUT		PLACE_BOUND_BOTTOM
.LAYERMAP   PAD			PACKAGE_KEEPOUT		PAD
.LAYERMAP   ALL			PACKAGE_KEEPOUT		ALL
.LAYERMAP   LVL_19		PACKAGE_KEEPOUT		LVL_19
;
.LAYERMAP   ALL			VIA_KEEPOUT		ALL
.LAYERMAP   TOP			VIA_KEEPOUT		TOP
.LAYERMAP   VIA_KEEPOUT		VIA_KEEPOUT		VIA_KEEPOUT
.LAYERMAP   FAB2		VIA_KEEPOUT		VIA_KEEPOUT
.LAYERMAP   PAD			VIA_KEEPOUT		VIA_KEEPOUT
.LAYERMAP   LVL_10		VIA_KEEPOUT		LVL_10
.LAYERMAP   LVL_9		VIA_KEEPOUT		LVL_9
.LAYERMAP   LVL_18		VIA_KEEPOUT		LVL_18
.LAYERMAP   LVL_19		VIA_KEEPOUT		LVL_19
;
.LAYERMAP   VIA_KEEPOUT		UNKNOWN			VIA_KEEPOUT
.LAYERMAP   PAD			UNKNOWN			VIA_KEEPOUT
.LAYERMAP   ALL			UNKNOWN			VIA_KEEPOUT
.LAYERMAP   LVL_10		UNKNOWN			LVL_10
.LAYERMAP   LVL_19		UNKNOWN			LVL_19
;
.LAYERMAP   ATTRIBUTE_1		COMPONENT_VALUE		DISPLAY_TOP
.LAYERMAP   ATTRIBUTE_2		COMPONENT_VALUE		DISPLAY_BOTTOM
;
.LAYERMAP   REFDES_1		REF_DES			SILKSCREEN_TOP
.LAYERMAP   REFDES_2		REF_DES			SILKSCREEN_BOTTOM
.LAYERMAP   VALUE_1		REF_DES			DISPLAY_TOP
.LAYERMAP   VALUE_2		REF_DES			DISPLAY_BOTTOM
;
.LAYERMAP   BONDARY		DEVICE_TYPE		SILKSCREEN_TOP
.LAYERMAP   TYPE		DEVICE_TYPE		DISPLAY_TOP
.LAYERMAP   DEVICE		DEVICE_TYPE		ASSEMBLY_TOP
;
.LAYERMAP   DRILL		MANUFACTURING		NCDRILL_LEGEND
.LAYERMAP   NCDRILL_LEGEND	MANUFACTURING		NCDRILL_LEGEND
.LAYERMAP   NCDRILL_FIGURE	MANUFACTURING		NCDRILL_FIGURE
.LAYERMAP   DRILLHOLE		MANUFACTURING		NCDRILL_LEGEND
.LAYERMAP   EXTENTS		MANUFACTURING		AUTOSILK_TOP
;
.LAYERMAP	USER_LVL_2	BOARD_GEOMETRY          USER_LVL_2 
.LAYERMAP	USER_LVL_10	BOARD_GEOMETRY          USER_LVL_10
.LAYERMAP	USER_LVL_4	BOARD_GEOMETRY          USER_LVL_4 
.LAYERMAP	BOARD_OUTL	BOARD_GEOMETRY		OUTLINE
.LAYERMAP	USER_LVL_9	BOARD_GEOMETRY          USER_LVL_9 
.LAYERMAP	USER_LVL_8	BOARD_GEOMETRY          USER_LVL_8 
.LAYERMAP	USER_LVL_19	BOARD_GEOMETRY          USER_LVL_19
.LAYERMAP	USER_LVL_18	BOARD_GEOMETRY          USER_LVL_18
.LAYERMAP	USER_LVL_17	BOARD_GEOMETRY          USER_LVL_17
.LAYERMAP	USER_LVL_16	BOARD_GEOMETRY          USER_LVL_16
.LAYERMAP	USER_LVL_15	BOARD_GEOMETRY          USER_LVL_15
.LAYERMAP	USER_LVL_14	BOARD_GEOMETRY          USER_LVL_14
.LAYERMAP	USER_LVL_13	BOARD_GEOMETRY          USER_LVL_13
.LAYERMAP	USER_LVL_12	BOARD_GEOMETRY          USER_LVL_12
.LAYERMAP	USER_LVL_11	BOARD_GEOMETRY          USER_LVL_11
.LAYERMAP	SOLDERMASK_BOT	BOARD_GEOMETRY		SOLDERMASK_BOTTOM
.LAYERMAP	LYR_20		BOARD_GEOMETRY          LYR_20
.LAYERMAP	INT9		BOARD_GEOMETRY		ETCH,INT9
.LAYERMAP	INT8		BOARD_GEOMETRY		ETCH,INT8
.LAYERMAP	INT7		BOARD_GEOMETRY		ETCH,INT7
.LAYERMAP	INT6		BOARD_GEOMETRY		ETCH,INT6
.LAYERMAP	INT5		BOARD_GEOMETRY		ETCH,INT5
.LAYERMAP	INT4		BOARD_GEOMETRY		ETCH,INT4
.LAYERMAP	USER_LVL_2	PACKAGE_GEOMETRY        USER_LVL_2
.LAYERMAP	USER_LVL_5	PACKAGE_GEOMETRY        USER_LVL_5
.LAYERMAP	USER_LVL_6	PACKAGE_GEOMETRY        USER_LVL_6
.LAYERMAP	USER_LVL_1	PACKAGE_GEOMETRY        USER_LVL_1
.LAYERMAP	USER_LVL_4	PACKAGE_GEOMETRY        USER_LVL_4
.LAYERMAP	USER_LVL_7	PACKAGE_GEOMETRY        USER_LVL_7
.LAYERMAP	USER_LVL_8	PACKAGE_GEOMETRY        USER_LVL_8
.LAYERMAP	USER_LVL_9	PACKAGE_GEOMETRY        USER_LVL_9
;
;
;
; THE FOLOWING ADDS NEW SUB-CLASSES
.ADDNONETCHCLASS		BOARD_GEOMETRY          USER_LVL_2       
.ADDNONETCHCLASS		BOARD_GEOMETRY          USER_LVL_10      
.ADDNONETCHCLASS		BOARD_GEOMETRY          USER_LVL_4       
;.ADDNONETCHCLASS		BOARD_GEOMETRY          OUTLINE          
.ADDNONETCHCLASS		BOARD_GEOMETRY          USER_LVL_9       
.ADDNONETCHCLASS		BOARD_GEOMETRY          USER_LVL_8       
.ADDNONETCHCLASS		BOARD_GEOMETRY          USER_LVL_19      
.ADDNONETCHCLASS		BOARD_GEOMETRY          USER_LVL_18      
.ADDNONETCHCLASS		BOARD_GEOMETRY          USER_LVL_17      
.ADDNONETCHCLASS		BOARD_GEOMETRY          USER_LVL_16      
.ADDNONETCHCLASS		BOARD_GEOMETRY          USER_LVL_15      
.ADDNONETCHCLASS		BOARD_GEOMETRY          USER_LVL_14      
.ADDNONETCHCLASS		BOARD_GEOMETRY          USER_LVL_13      
.ADDNONETCHCLASS		BOARD_GEOMETRY          USER_LVL_12      
.ADDNONETCHCLASS		BOARD_GEOMETRY          USER_LVL_11      
;.ADDNONETCHCLASS		BOARD_GEOMETRY          SOLDERMASK_BOTTOM
.ADDNONETCHCLASS		BOARD_GEOMETRY          LYR_20           
.ADDNONETCHCLASS		PACKAGE_GEOMETRY        USER_LVL_2       
.ADDNONETCHCLASS		PACKAGE_GEOMETRY        USER_LVL_5       
.ADDNONETCHCLASS		PACKAGE_GEOMETRY        USER_LVL_6       
.ADDNONETCHCLASS                PACKAGE_GEOMETRY        USER_LVL_1       
.ADDNONETCHCLASS		PACKAGE_GEOMETRY        USER_LVL_4       
.ADDNONETCHCLASS		PACKAGE_GEOMETRY        USER_LVL_7       
.ADDNONETCHCLASS                PACKAGE_GEOMETRY        USER_LVL_8       
.ADDNONETCHCLASS		PACKAGE_GEOMETRY        USER_LVL_9       
.ADDNONETCHCLASS
;
;
; THE FOLLOWING ENSURES PLACE_BOUND_TOP BE SELECTED.  # = 2 + # OF NEW SUB-CLASSES
.LAYERDIALOGPLACEBOUNDTOP       10
;
; A scriptline for symbol building.
;.PACKAGEHEADERSCRIPT		header.script
;.MECHANICALHEADERSCRIPT	header.script
;.BOARDHEADERSCRIPT		header.script
;
;
;.PACKAGEFOOTERSCRIPT		color.script
;.MECHANICALFOOTERSCRIPT		color.script
;.BOARDFOOTERSCRIPT		color.script
;
; *****You must set all values to mils or millimeter ****;
; Mils or Millimeter allowed.  
; .OUTPUT_UNIT_STRING	Millimeter
.OUTPUT_UNIT_STRING	Mils
.OUTPUT_UNIT_ACCURACY	3
;
;
;THE FOLLOWING IS INCREASE IN ANTI-PAD AND THERMALS  FROM "PAD" FOR SURFACE PADS
.ANTIPADENLARGEMENT             22;
;
;
;  THE FOLLOWING IS USED FOR THE THERMAL-RELIEF FLASH NAME ONLY
.TIEWIDTH                       16
.AIRWIDTH                       17
;
;
;Textblock   blocknumber       height in inches
; must be ascending order.
;Textblock   blocknumber       height in mils
; must be ascending order.
.TEXTBLOCK      1               25
.TEXTBLOCK      2               31
.TEXTBLOCK      3               50
.TEXTBLOCK      4               63
.TEXTBLOCK      5               75
.TEXTBLOCK      6               80
.TEXTBLOCK      7               94
.TEXTBLOCK      8               100
.TEXTBLOCK      9               125
.TEXTBLOCK      10              156
.TEXTBLOCK      11              175
.TEXTBLOCK      12              188
.TEXTBLOCK      13              200
.TEXTBLOCK      14              225
.TEXTBLOCK      15              250
.TEXTBLOCK      16              500
;.TEXTBLOCK      1               0.6350
;.TEXTBLOCK      2               0.7874
;.TEXTBLOCK      3               1.27
;.TEXTBLOCK      4               1.6
;.TEXTBLOCK      5               1.905
;.TEXTBLOCK      6               2.032
;.TEXTBLOCK      7               2.3876
;.TEXTBLOCK      8               2.54
;.TEXTBLOCK      9               3.175
;.TEXTBLOCK      10              3.9624
;.TEXTBLOCK      11              4.445
;.TEXTBLOCK      12              4.7752
;.TEXTBLOCK      13              5.08
;.TEXTBLOCK      14              5.715
;.TEXTBLOCK      15              6.35
;.TEXTBLOCK      16              12.7
;
;  This defines whether drawings will be exploded or not.
; This will make a text in orientation and position on YES
; it will explode on NO
.HIERACHIEMARKER        NO
;
; Enlargement for drawing extents. (mm)
;.BOARDENLARGE		40
;.DRAWINGENLARGE        10
;.PADENLARGE		2
; Enlargement for drawing extents. (mils)
.BOARDENLARGE		1000
.DRAWINGENLARGE         400
.PADENLARGE		100
;
; End

